2019-03-20 11:18:43,162 INFO [main] [StartupInfoLogger.java:50] - [Starting Main on yuanfei with PID 5756 (F:\workspace\eclipse18-self\springboot-mybatis-pack\target\classes started by yuanfeiZheng in F:\workspace\eclipse18-self\springboot-mybatis-pack)]
2019-03-20 11:18:43,167 INFO [main] [SpringApplication.java:679] - [The following profiles are active: dev]
2019-03-20 11:18:44,455 INFO [main] [RepositoryConfigurationDelegate.java:126] - [Bootstrapping Spring Data repositories in DEFAULT mode.]
2019-03-20 11:18:44,484 INFO [main] [RepositoryConfigurationDelegate.java:182] - [Finished Spring Data repository scanning in 18ms. Found 0 repository interfaces.]
2019-03-20 11:18:45,252 INFO [main] [PostProcessorRegistrationDelegate.java:330] - [Bean 'org.springframework.transaction.annotation.ProxyTransactionManagementConfiguration' of type [org.springframework.transaction.annotation.ProxyTransactionManagementConfiguration$$EnhancerBySpringCGLIB$$763d31bb] is not eligible for getting processed by all BeanPostProcessors (for example: not eligible for auto-proxying)]
2019-03-20 11:18:46,041 INFO [main] [TomcatWebServer.java:90] - [Tomcat initialized with port(s): 9086 (http)]
2019-03-20 11:18:46,069 INFO [main] [DirectJDKLog.java:173] - [Initializing ProtocolHandler ["http-nio-9086"]]
2019-03-20 11:18:46,211 INFO [main] [DirectJDKLog.java:173] - [Starting service [Tomcat]]
2019-03-20 11:18:46,211 INFO [main] [DirectJDKLog.java:173] - [Starting Servlet Engine: Apache Tomcat/9.0.12]
2019-03-20 11:18:46,232 INFO [main] [DirectJDKLog.java:173] - [The APR based Apache Tomcat Native library which allows optimal performance in production environments was not found on the java.library.path: [D:\Programs\Jdk\jdk8\jre8\bin;C:\WINDOWS\Sun\Java\bin;C:\WINDOWS\system32;C:\WINDOWS;D:/Programs/Jdk/jdk8/jre8/bin/server;D:/Programs/Jdk/jdk8/jre8/bin;D:/Programs/Jdk/jdk8/jre8/lib/amd64;D:\Programs\Xshell 6\;C:\ProgramData\Oracle\Java\javapath;C:\WINDOWS\system32;C:\WINDOWS;C:\WINDOWS\System32\Wbem;C:\WINDOWS\System32\WindowsPowerShell\v1.0\;D:\Programs\WinSCP\;D:\Programs\Sql\MySQL\MySQL Server 5.1\bin;D:\Programs\Jdk\jdk8\jdk1.8.0_20\bin;D:\Programs\Jdk\jdk8\jdk1.8.0_20\jre\bin;F:\work\linkcm\项目\AI\ffmpeg-4.0.2-win64-static\ffmpeg-4.0.2-win64-static/bin;D:\Programs\MinGW/bin;D:\Programs\TortoiseGit\bin;D:\Programs\TortoiseSVN\bin;D:\Programs\apache-maven-3.6.0\bin;D:\Programs\nodejs\;D:\Programs\tools;C:\Users\yuanfeiZheng\AppData\Roaming\npm;D:\Programs\IDE\eclipse-jee-mars-2-win32-x86_64\eclipse;;.]]
2019-03-20 11:18:46,452 INFO [main] [DirectJDKLog.java:173] - [Initializing Spring embedded WebApplicationContext]
2019-03-20 11:18:46,452 INFO [main] [ServletWebServerApplicationContext.java:285] - [Root WebApplicationContext: initialization completed in 3193 ms]
2019-03-20 11:18:46,502 INFO [main] [ServletRegistrationBean.java:186] - [Servlet dispatcherServlet mapped to [/]]
2019-03-20 11:18:46,511 INFO [main] [AbstractFilterRegistrationBean.java:248] - [Mapping filter: 'characterEncodingFilter' to: [/*]]
2019-03-20 11:18:46,512 INFO [main] [AbstractFilterRegistrationBean.java:248] - [Mapping filter: 'hiddenHttpMethodFilter' to: [/*]]
2019-03-20 11:18:46,512 INFO [main] [AbstractFilterRegistrationBean.java:248] - [Mapping filter: 'formContentFilter' to: [/*]]
2019-03-20 11:18:46,513 INFO [main] [AbstractFilterRegistrationBean.java:248] - [Mapping filter: 'requestContextFilter' to: [/*]]
2019-03-20 11:18:46,743 INFO [main] [HikariDataSource.java:110] - [HikariPool-1 - Starting...]
2019-03-20 11:18:46,997 INFO [main] [HikariDataSource.java:123] - [HikariPool-1 - Start completed.]
2019-03-20 11:18:47,072 INFO [main] [LogHelper.java:31] - [HHH000204: Processing PersistenceUnitInfo [
	name: default
	...]]
2019-03-20 11:18:47,284 INFO [main] [Version.java:46] - [HHH000412: Hibernate Core {5.3.7.Final}]
2019-03-20 11:18:47,286 INFO [main] [Environment.java:213] - [HHH000206: hibernate.properties not found]
2019-03-20 11:18:47,498 INFO [main] [JavaReflectionManager.java:49] - [HCANN000001: Hibernate Commons Annotations {5.0.4.Final}]
2019-03-20 11:18:47,726 INFO [main] [Dialect.java:157] - [HHH000400: Using dialect: org.hibernate.dialect.MySQL5Dialect]
2019-03-20 11:18:48,566 INFO [main] [AbstractEntityManagerFactoryBean.java:415] - [Initialized JPA EntityManagerFactory for persistence unit 'default']
2019-03-20 11:18:49,238 INFO [main] [ExecutorConfigurationSupport.java:171] - [Initializing ExecutorService 'applicationTaskExecutor']
2019-03-20 11:18:49,323 WARN [main] [JpaBaseConfiguration.java:234] - [spring.jpa.open-in-view is enabled by default. Therefore, database queries may be performed during view rendering. Explicitly configure spring.jpa.open-in-view to disable this warning]
2019-03-20 11:18:49,670 INFO [main] [DirectJDKLog.java:173] - [Starting ProtocolHandler ["http-nio-9086"]]
2019-03-20 11:18:49,684 INFO [main] [DirectJDKLog.java:173] - [Using a shared selector for servlet write/read]
2019-03-20 11:18:49,709 INFO [main] [TomcatWebServer.java:204] - [Tomcat started on port(s): 9086 (http) with context path '/server']
2019-03-20 11:18:49,713 INFO [main] [StartupInfoLogger.java:59] - [Started Main in 7.824 seconds (JVM running for 8.429)]
2019-03-20 11:18:53,358 INFO [http-nio-9086-exec-1] [DirectJDKLog.java:173] - [Initializing Spring DispatcherServlet 'dispatcherServlet']
2019-03-20 11:18:53,359 INFO [http-nio-9086-exec-1] [FrameworkServlet.java:521] - [Initializing Servlet 'dispatcherServlet']
2019-03-20 11:18:53,373 INFO [http-nio-9086-exec-1] [FrameworkServlet.java:543] - [Completed initialization in 14 ms]
2019-03-20 11:18:53,860 INFO [http-nio-9086-exec-1] [UserController.java:26] - [users:[com.test.bean.User@7a8a377d]]
